This is pdfTeX, Version 3.14159265-2.6-1.40.20 (TeX Live 2019/Debian) (preloaded format=pdflatex 2021.5.30)  21 JUL 2021 10:46
entering extended mode
 \write18 enabled.
 file:line:error style messages enabled.
 %&-line parsing enabled.
**/home/jinghua/repo/parallel-computing-programming/matrix-multiplication/report/main.tex
(/home/jinghua/repo/parallel-computing-programming/matrix-multiplication/report/main.tex
LaTeX2e <2020-02-02> patch level 2
L3 programming layer <2020-02-14> (/usr/share/texlive/texmf-dist/tex/latex/IEEEtran/IEEEtran.cls
Document Class: IEEEtran 2015/08/26 V1.8b by Michael Shell
-- See the "IEEEtran_HOWTO" manual for usage information.
-- http://www.michaelshell.org/tex/ieeetran/
\@IEEEtrantmpdimenA=\dimen134
\@IEEEtrantmpdimenB=\dimen135
\@IEEEtrantmpdimenC=\dimen136
\@IEEEtrantmpcountA=\count167
\@IEEEtrantmpcountB=\count168
\@IEEEtrantmpcountC=\count169
\@IEEEtrantmptoksA=\toks14
LaTeX Font Info:    Trying to load font information for OT1+ptm on input line 503.
(/usr/share/texlive/texmf-dist/tex/latex/psnfss/ot1ptm.fd
File: ot1ptm.fd 2001/06/04 font definitions for OT1/ptm.
)
-- Using 8.5in x 11in (letter) paper.
-- Using PDF output.
\@IEEEnormalsizeunitybaselineskip=\dimen137
-- This is a 10 point document.
\CLASSINFOnormalsizebaselineskip=\dimen138
\CLASSINFOnormalsizeunitybaselineskip=\dimen139
\IEEEnormaljot=\dimen140
LaTeX Font Info:    Font shape `OT1/ptm/bx/n' in size <5> not available
(Font)              Font shape `OT1/ptm/b/n' tried instead on input line 1090.
LaTeX Font Info:    Font shape `OT1/ptm/bx/it' in size <5> not available
(Font)              Font shape `OT1/ptm/b/it' tried instead on input line 1090.
LaTeX Font Info:    Font shape `OT1/ptm/bx/n' in size <7> not available
(Font)              Font shape `OT1/ptm/b/n' tried instead on input line 1090.
LaTeX Font Info:    Font shape `OT1/ptm/bx/it' in size <7> not available
(Font)              Font shape `OT1/ptm/b/it' tried instead on input line 1090.
LaTeX Font Info:    Font shape `OT1/ptm/bx/n' in size <8> not available
(Font)              Font shape `OT1/ptm/b/n' tried instead on input line 1090.
LaTeX Font Info:    Font shape `OT1/ptm/bx/it' in size <8> not available
(Font)              Font shape `OT1/ptm/b/it' tried instead on input line 1090.
LaTeX Font Info:    Font shape `OT1/ptm/bx/n' in size <9> not available
(Font)              Font shape `OT1/ptm/b/n' tried instead on input line 1090.
LaTeX Font Info:    Font shape `OT1/ptm/bx/it' in size <9> not available
(Font)              Font shape `OT1/ptm/b/it' tried instead on input line 1090.
LaTeX Font Info:    Font shape `OT1/ptm/bx/n' in size <10> not available
(Font)              Font shape `OT1/ptm/b/n' tried instead on input line 1090.
LaTeX Font Info:    Font shape `OT1/ptm/bx/it' in size <10> not available
(Font)              Font shape `OT1/ptm/b/it' tried instead on input line 1090.
LaTeX Font Info:    Font shape `OT1/ptm/bx/n' in size <11> not available
(Font)              Font shape `OT1/ptm/b/n' tried instead on input line 1090.
LaTeX Font Info:    Font shape `OT1/ptm/bx/it' in size <11> not available
(Font)              Font shape `OT1/ptm/b/it' tried instead on input line 1090.
LaTeX Font Info:    Font shape `OT1/ptm/bx/n' in size <12> not available
(Font)              Font shape `OT1/ptm/b/n' tried instead on input line 1090.
LaTeX Font Info:    Font shape `OT1/ptm/bx/it' in size <12> not available
(Font)              Font shape `OT1/ptm/b/it' tried instead on input line 1090.
LaTeX Font Info:    Font shape `OT1/ptm/bx/n' in size <17> not available
(Font)              Font shape `OT1/ptm/b/n' tried instead on input line 1090.
LaTeX Font Info:    Font shape `OT1/ptm/bx/it' in size <17> not available
(Font)              Font shape `OT1/ptm/b/it' tried instead on input line 1090.
LaTeX Font Info:    Font shape `OT1/ptm/bx/n' in size <20> not available
(Font)              Font shape `OT1/ptm/b/n' tried instead on input line 1090.
LaTeX Font Info:    Font shape `OT1/ptm/bx/it' in size <20> not available
(Font)              Font shape `OT1/ptm/b/it' tried instead on input line 1090.
LaTeX Font Info:    Font shape `OT1/ptm/bx/n' in size <24> not available
(Font)              Font shape `OT1/ptm/b/n' tried instead on input line 1090.
LaTeX Font Info:    Font shape `OT1/ptm/bx/it' in size <24> not available
(Font)              Font shape `OT1/ptm/b/it' tried instead on input line 1090.
\IEEEquantizedlength=\dimen141
\IEEEquantizedlengthdiff=\dimen142
\IEEEquantizedtextheightdiff=\dimen143
\IEEEilabelindentA=\dimen144
\IEEEilabelindentB=\dimen145
\IEEEilabelindent=\dimen146
\IEEEelabelindent=\dimen147
\IEEEdlabelindent=\dimen148
\IEEElabelindent=\dimen149
\IEEEiednormlabelsep=\dimen150
\IEEEiedmathlabelsep=\dimen151
\IEEEiedtopsep=\skip47
\c@section=\count170
\c@subsection=\count171
\c@subsubsection=\count172
\c@paragraph=\count173
\c@IEEEsubequation=\count174
\abovecaptionskip=\skip48
\belowcaptionskip=\skip49
\c@figure=\count175
\c@table=\count176
\@IEEEeqnnumcols=\count177
\@IEEEeqncolcnt=\count178
\@IEEEsubeqnnumrollback=\count179
\@IEEEquantizeheightA=\dimen152
\@IEEEquantizeheightB=\dimen153
\@IEEEquantizeheightC=\dimen154
\@IEEEquantizeprevdepth=\dimen155
\@IEEEquantizemultiple=\count180
\@IEEEquantizeboxA=\box45
\@IEEEtmpitemindent=\dimen156
\IEEEPARstartletwidth=\dimen157
\c@IEEEbiography=\count181
\@IEEEtranrubishbin=\box46
)
** ATTENTION: Overriding command lockouts (line 2).
(/usr/share/texlive/texmf-dist/tex/latex/cite/cite.sty
LaTeX Info: Redefining \cite on input line 302.
LaTeX Info: Redefining \nocite on input line 332.
Package: cite 2015/02/27  v 5.5
) (/usr/share/texlive/texmf-dist/tex/latex/amsmath/amsmath.sty
Package: amsmath 2020/01/20 v2.17e AMS math features
\@mathmargin=\skip50

For additional information on amsmath, use the `?' option.
(/usr/share/texlive/texmf-dist/tex/latex/amsmath/amstext.sty
Package: amstext 2000/06/29 v2.01 AMS text
 (/usr/share/texlive/texmf-dist/tex/latex/amsmath/amsgen.sty
File: amsgen.sty 1999/11/30 v2.0 generic functions
\@emptytoks=\toks15
\ex@=\dimen158
)) (/usr/share/texlive/texmf-dist/tex/latex/amsmath/amsbsy.sty
Package: amsbsy 1999/11/29 v1.2d Bold Symbols
\pmbraise@=\dimen159
) (/usr/share/texlive/texmf-dist/tex/latex/amsmath/amsopn.sty
Package: amsopn 2016/03/08 v2.02 operator names
)
\inf@bad=\count182
LaTeX Info: Redefining \frac on input line 227.
\uproot@=\count183
\leftroot@=\count184
LaTeX Info: Redefining \overline on input line 389.
\classnum@=\count185
\DOTSCASE@=\count186
LaTeX Info: Redefining \ldots on input line 486.
LaTeX Info: Redefining \dots on input line 489.
LaTeX Info: Redefining \cdots on input line 610.
\Mathstrutbox@=\box47
\strutbox@=\box48
\big@size=\dimen160
LaTeX Font Info:    Redeclaring font encoding OML on input line 733.
LaTeX Font Info:    Redeclaring font encoding OMS on input line 734.
\macc@depth=\count187
\c@MaxMatrixCols=\count188
\dotsspace@=\muskip16
\c@parentequation=\count189
\dspbrk@lvl=\count190
\tag@help=\toks16
\row@=\count191
\column@=\count192
\maxfields@=\count193
\andhelp@=\toks17
\eqnshift@=\dimen161
\alignsep@=\dimen162
\tagshift@=\dimen163
\tagwidth@=\dimen164
\totwidth@=\dimen165
\lineht@=\dimen166
\@envbody=\toks18
\multlinegap=\skip51
\multlinetaggap=\skip52
\mathdisplay@stack=\toks19
LaTeX Info: Redefining \[ on input line 2859.
LaTeX Info: Redefining \] on input line 2860.
) (/usr/share/texlive/texmf-dist/tex/latex/amsfonts/amssymb.sty
Package: amssymb 2013/01/14 v3.01 AMS font symbols
 (/usr/share/texlive/texmf-dist/tex/latex/amsfonts/amsfonts.sty
Package: amsfonts 2013/01/14 v3.01 Basic AMSFonts support
\symAMSa=\mathgroup4
\symAMSb=\mathgroup5
LaTeX Font Info:    Redeclaring math symbol \hbar on input line 98.
LaTeX Font Info:    Overwriting math alphabet `\mathfrak' in version `bold'
(Font)                  U/euf/m/n --> U/euf/b/n on input line 106.
)) (/usr/share/texlive/texmf-dist/tex/latex/algorithm2e/algorithm2e.sty
Package: algorithm2e 2017/07/18 v5.2 algorithms environments
\c@AlgoLine=\count194
 (/usr/share/texlive/texmf-dist/tex/latex/base/ifthen.sty
Package: ifthen 2014/09/29 v1.1c Standard LaTeX ifthen package (DPC)
)
\algocf@hangindent=\skip53
 (/usr/share/texlive/texmf-dist/tex/latex/ifoddpage/ifoddpage.sty
Package: ifoddpage 2016/04/23 v1.1 Conditionals for odd/even page detection
\c@checkoddpage=\count195
) (/usr/share/texlive/texmf-dist/tex/latex/tools/xspace.sty
Package: xspace 2014/10/28 v1.13 Space after command names (DPC,MH)
) (/usr/share/texlive/texmf-dist/tex/latex/relsize/relsize.sty
Package: relsize 2013/03/29 ver 4.1
)
\skiptotal=\skip54
\skiplinenumber=\skip55
\skiprule=\skip56
\skiphlne=\skip57
\skiptext=\skip58
\skiplength=\skip59
\algomargin=\skip60
\skipalgocfslide=\skip61
\algowidth=\dimen167
\inoutsize=\dimen168
\inoutindent=\dimen169
\interspacetitleruled=\dimen170
\interspacealgoruled=\dimen171
\interspacetitleboxruled=\dimen172
\algocf@ruledwidth=\skip62
\algocf@inoutbox=\box49
\algocf@inputbox=\box50
\AlCapSkip=\skip63
\AlCapHSkip=\skip64
\algoskipindent=\skip65
\algocf@nlbox=\box51
\algocf@hangingbox=\box52
\algocf@untilbox=\box53
\algocf@skipuntil=\skip66
\algocf@capbox=\box54
\algocf@lcaptionbox=\skip67
\algoheightruledefault=\skip68
\algoheightrule=\skip69
\algotitleheightruledefault=\skip70
\algotitleheightrule=\skip71
\c@algocfline=\count196
\c@algocfproc=\count197
\c@algocf=\count198
\algocf@algoframe=\box55
\algocf@algobox=\box56
) (/usr/share/texlive/texmf-dist/tex/latex/multirow/multirow.sty
Package: multirow 2019/05/31 v2.5 Span multiple rows of a table
\multirow@colwidth=\skip72
\multirow@cntb=\count199
\multirow@dima=\skip73
\bigstrutjot=\dimen173
) (/usr/share/texlive/texmf-dist/tex/latex/listings/listings.sty (/usr/share/texlive/texmf-dist/tex/latex/graphics/keyval.sty
Package: keyval 2014/10/28 v1.15 key=value parser (DPC)
\KV@toks@=\toks20
)
\lst@mode=\count266
\lst@gtempboxa=\box57
\lst@token=\toks21
\lst@length=\count267
\lst@currlwidth=\dimen174
\lst@column=\count268
\lst@pos=\count269
\lst@lostspace=\dimen175
\lst@width=\dimen176
\lst@newlines=\count270
\lst@lineno=\count271
\lst@maxwidth=\dimen177
 (/usr/share/texlive/texmf-dist/tex/latex/listings/lstmisc.sty
File: lstmisc.sty 2019/09/10 1.8c (Carsten Heinz)
\c@lstnumber=\count272
\lst@skipnumbers=\count273
\lst@framebox=\box58
) (/usr/share/texlive/texmf-dist/tex/latex/listings/listings.cfg
File: listings.cfg 2019/09/10 1.8c listings configuration
))
Package: listings 2019/09/10 1.8c (Carsten Heinz)
 (/usr/share/texlive/texmf-dist/tex/latex/graphics/graphicx.sty
Package: graphicx 2019/11/30 v1.2a Enhanced LaTeX Graphics (DPC,SPQR)
 (/usr/share/texlive/texmf-dist/tex/latex/graphics/graphics.sty
Package: graphics 2019/11/30 v1.4a Standard LaTeX Graphics (DPC,SPQR)
 (/usr/share/texlive/texmf-dist/tex/latex/graphics/trig.sty
Package: trig 2016/01/03 v1.10 sin cos tan (DPC)
) (/usr/share/texlive/texmf-dist/tex/latex/graphics-cfg/graphics.cfg
File: graphics.cfg 2016/06/04 v1.11 sample graphics configuration
)
Package graphics Info: Driver file: pdftex.def on input line 105.
 (/usr/share/texlive/texmf-dist/tex/latex/graphics-def/pdftex.def
File: pdftex.def 2018/01/08 v1.0l Graphics/color driver for pdftex
))
\Gin@req@height=\dimen178
\Gin@req@width=\dimen179
) (/usr/share/texlive/texmf-dist/tex/latex/base/textcomp.sty
Package: textcomp 2020/02/02 v2.0n Standard LaTeX package
) (/usr/share/texlive/texmf-dist/tex/latex/xcolor/xcolor.sty
Package: xcolor 2016/05/11 v2.12 LaTeX color extensions (UK)
 (/usr/share/texlive/texmf-dist/tex/latex/graphics-cfg/color.cfg
File: color.cfg 2016/01/02 v1.6 sample color configuration
)
Package xcolor Info: Driver file: pdftex.def on input line 225.
Package xcolor Info: Model `cmy' substituted by `cmy0' on input line 1348.
Package xcolor Info: Model `hsb' substituted by `rgb' on input line 1352.
Package xcolor Info: Model `RGB' extended on input line 1364.
Package xcolor Info: Model `HTML' substituted by `rgb' on input line 1366.
Package xcolor Info: Model `Hsb' substituted by `hsb' on input line 1367.
Package xcolor Info: Model `tHsb' substituted by `hsb' on input line 1368.
Package xcolor Info: Model `HSB' substituted by `hsb' on input line 1369.
Package xcolor Info: Model `Gray' substituted by `gray' on input line 1370.
Package xcolor Info: Model `wave' substituted by `hsb' on input line 1371.
) (/usr/share/texlive/texmf-dist/tex/latex/colortbl/colortbl.sty
Package: colortbl 2020/01/04 v1.0e Color table columns (DPC)
 (/usr/share/texlive/texmf-dist/tex/latex/tools/array.sty
Package: array 2019/08/31 v2.4l Tabular extension package (FMi)
\col@sep=\dimen180
\ar@mcellbox=\box59
\extrarowheight=\dimen181
\NC@list=\toks22
\extratabsurround=\skip74
\backup@length=\skip75
\ar@cellbox=\box60
)
\everycr=\toks23
\minrowclearance=\skip76
) (/usr/share/texlive/texmf-dist/tex/latex/l3backend/l3backend-pdfmode.def
File: l3backend-pdfmode.def 2020-02-03 L3 backend support: PDF mode
\l__kernel_color_stack_int=\count274
\l__pdf_internal_box=\box61
) (/home/jinghua/repo/parallel-computing-programming/matrix-multiplication/report/main.aux)
\openout1 = `main.aux'.

LaTeX Font Info:    Checking defaults for OML/cmm/m/it on input line 18.
LaTeX Font Info:    ... okay on input line 18.
LaTeX Font Info:    Checking defaults for OMS/cmsy/m/n on input line 18.
LaTeX Font Info:    ... okay on input line 18.
LaTeX Font Info:    Checking defaults for OT1/cmr/m/n on input line 18.
LaTeX Font Info:    ... okay on input line 18.
LaTeX Font Info:    Checking defaults for T1/cmr/m/n on input line 18.
LaTeX Font Info:    ... okay on input line 18.
LaTeX Font Info:    Checking defaults for TS1/cmr/m/n on input line 18.
LaTeX Font Info:    ... okay on input line 18.
LaTeX Font Info:    Checking defaults for OMX/cmex/m/n on input line 18.
LaTeX Font Info:    ... okay on input line 18.
LaTeX Font Info:    Checking defaults for U/cmr/m/n on input line 18.
LaTeX Font Info:    ... okay on input line 18.

-- Lines per column: 56 (exact).
\c@lstlisting=\count275
(/usr/share/texlive/texmf-dist/tex/context/base/mkii/supp-pdf.mkii
[Loading MPS to PDF converter (version 2006.09.02).]
\scratchcounter=\count276
\scratchdimen=\dimen182
\scratchbox=\box62
\nofMPsegments=\count277
\nofMParguments=\count278
\everyMPshowfont=\toks24
\MPscratchCnt=\count279
\MPscratchDim=\dimen183
\MPnumerator=\count280
\makeMPintoPDFobject=\count281
\everyMPtoPDFconversion=\toks25
) (/usr/share/texlive/texmf-dist/tex/latex/epstopdf-pkg/epstopdf-base.sty
Package: epstopdf-base 2020-01-24 v2.11 Base part for package epstopdf
Package epstopdf-base Info: Redefining graphics rule for `.eps' on input line 485.
 (/usr/share/texlive/texmf-dist/tex/latex/latexconfig/epstopdf-sys.cfg
File: epstopdf-sys.cfg 2010/07/13 v1.3 Configuration of (r)epstopdf for TeX Live
))
LaTeX Font Info:    Trying to load font information for U+msa on input line 41.
 (/usr/share/texlive/texmf-dist/tex/latex/amsfonts/umsa.fd
File: umsa.fd 2013/01/14 v3.01 AMS symbols A
)
LaTeX Font Info:    Trying to load font information for U+msb on input line 41.
 (/usr/share/texlive/texmf-dist/tex/latex/amsfonts/umsb.fd
File: umsb.fd 2013/01/14 v3.01 AMS symbols B
)
Underfull \hbox (badness 1460) in paragraph at lines 44--46
[]\OT1/ptm/b/it/9 Index Terms\OT1/ptm/b/n/9 ---Parallel Com-put-ing, Ma-trix Mul-ti-pli-ca-tion,
 []

[1{/var/lib/texmf/fonts/map/pdftex/updmap/pdftex.map}


] [2]
<Figures/cannon/init_align.png, id=23, 461.44395pt x 432.53595pt>
File: Figures/cannon/init_align.png Graphic file (type png)
<use Figures/cannon/init_align.png>
Package pdftex.def Info: Figures/cannon/init_align.png  used on input line 88.
(pdftex.def)             Requested size: 184.57431pt x 173.0113pt.
<Figures/cannon/rolling.png, id=24, 457.10776pt x 440.847pt>
File: Figures/cannon/rolling.png Graphic file (type png)
<use Figures/cannon/rolling.png>
Package pdftex.def Info: Figures/cannon/rolling.png  used on input line 94.
(pdftex.def)             Requested size: 182.83986pt x 176.33566pt.
 [3 </home/jinghua/repo/parallel-computing-programming/matrix-multiplication/report/Figures/cannon/init_align.png> </home/jinghua/repo/parallel-computing-programming/matrix-multiplication/report/Figures/cannon/rolling.png>]
Underfull \hbox (badness 10000) in paragraph at lines 170--171

 []

(/usr/share/texlive/texmf-dist/tex/latex/listings/lstlang1.sty
File: lstlang1.sty 2019/09/10 1.8c listings language file
) (/usr/share/texlive/texmf-dist/tex/latex/listings/lstmisc.sty
File: lstmisc.sty 2019/09/10 1.8c (Carsten Heinz)
) (/home/jinghua/repo/parallel-computing-programming/matrix-multiplication/report/StripMatrix.c
LaTeX Font Info:    Trying to load font information for TS1+ptm on input line 2.
 (/usr/share/texlive/texmf-dist/tex/latex/psnfss/ts1ptm.fd
File: ts1ptm.fd 2001/06/04 font definitions for TS1/ptm.
)
LaTeX Font Info:    Trying to load font information for OMS+ptm on input line 3.
 (/usr/share/texlive/texmf-dist/tex/latex/psnfss/omsptm.fd
File: omsptm.fd 
)
LaTeX Font Info:    Font shape `OMS/ptm/m/n' in size <8> not available
(Font)              Font shape `OMS/cmsy/m/n' tried instead on input line 3.
LaTeX Font Info:    Trying to load font information for OML+ptm on input line 20.
 (/usr/share/texlive/texmf-dist/tex/latex/psnfss/omlptm.fd
File: omlptm.fd 
)
LaTeX Font Info:    Font shape `OML/ptm/m/n' in size <8> not available
(Font)              Font shape `OML/cmm/m/it' tried instead on input line 20.
) [4]
<Figures/cannon/execution_vs_ranks.png, id=35, 462.528pt x 346.896pt>
File: Figures/cannon/execution_vs_ranks.png Graphic file (type png)
<use Figures/cannon/execution_vs_ranks.png>
Package pdftex.def Info: Figures/cannon/execution_vs_ranks.png  used on input line 209.
(pdftex.def)             Requested size: 185.0079pt x 138.75594pt.
<Figures/cannon/speedup.png, id=37, 462.528pt x 346.896pt>
File: Figures/cannon/speedup.png Graphic file (type png)
<use Figures/cannon/speedup.png>
Package pdftex.def Info: Figures/cannon/speedup.png  used on input line 239.
(pdftex.def)             Requested size: 185.0079pt x 138.75594pt.


Package array Warning: Column g is already defined on input line 244.

<Figures/cannon/efficiency.png, id=38, 462.528pt x 346.896pt>
File: Figures/cannon/efficiency.png Graphic file (type png)
<use Figures/cannon/efficiency.png>
Package pdftex.def Info: Figures/cannon/efficiency.png  used on input line 277.
(pdftex.def)             Requested size: 185.0079pt x 138.75594pt.

Package array Warning: Column g is already defined on input line 282.

[5 </home/jinghua/repo/parallel-computing-programming/matrix-multiplication/report/Figures/cannon/execution_vs_ranks.png> </home/jinghua/repo/parallel-computing-programming/matrix-multiplication/report/Figures/cannon/speedup.png>]
<Figures/cannon/time_distribute_1024.png, id=44, 462.528pt x 346.896pt>
File: Figures/cannon/time_distribute_1024.png Graphic file (type png)
<use Figures/cannon/time_distribute_1024.png>
Package pdftex.def Info: Figures/cannon/time_distribute_1024.png  used on input line 326.
(pdftex.def)             Requested size: 185.0079pt x 138.75594pt.
<Figures/cannon/time_distribute_2048.png, id=45, 462.528pt x 346.896pt>
File: Figures/cannon/time_distribute_2048.png Graphic file (type png)
<use Figures/cannon/time_distribute_2048.png>
Package pdftex.def Info: Figures/cannon/time_distribute_2048.png  used on input line 333.
(pdftex.def)             Requested size: 185.0079pt x 138.75594pt.
<Figures/cannon/time_distribute_4096.png, id=46, 462.528pt x 346.896pt>
File: Figures/cannon/time_distribute_4096.png Graphic file (type png)
<use Figures/cannon/time_distribute_4096.png>
Package pdftex.def Info: Figures/cannon/time_distribute_4096.png  used on input line 340.
(pdftex.def)             Requested size: 185.0079pt x 138.75594pt.


LaTeX Warning: `!h' float specifier changed to `!ht'.

<Figures/cannon/time_distribute_8192.png, id=47, 462.528pt x 346.896pt>
File: Figures/cannon/time_distribute_8192.png Graphic file (type png)
<use Figures/cannon/time_distribute_8192.png>
Package pdftex.def Info: Figures/cannon/time_distribute_8192.png  used on input line 347.
(pdftex.def)             Requested size: 185.0079pt x 138.75594pt.

LaTeX Warning: `!h' float specifier changed to `!ht'.


Package array Warning: Column g is already defined on input line 352.


Package array Warning: Column g is already defined on input line 378.


Package array Warning: Column g is already defined on input line 403.


Package array Warning: Column g is already defined on input line 428.

<Figures/cannon/io.png, id=48, 462.528pt x 346.896pt>
File: Figures/cannon/io.png Graphic file (type png)
<use Figures/cannon/io.png>
Package pdftex.def Info: Figures/cannon/io.png  used on input line 460.
(pdftex.def)             Requested size: 185.0079pt x 138.75594pt.

Package array Warning: Column g is already defined on input line 465.


Underfull \hbox (badness 2689) in paragraph at lines 456--488
\OT1/ptm/m/n/10 ing $\OML/cmm/m/it/10 C[]block$ \OT1/ptm/m/n/10 to file con-cur-rently at Step 8 in Al-go-
 []


Underfull \hbox (badness 1509) in paragraph at lines 456--488
\OT1/ptm/m/n/10 rithm 1[]. This is con-ducted by MPI col-lec-tive func-tion
 []

[6 </home/jinghua/repo/parallel-computing-programming/matrix-multiplication/report/Figures/cannon/efficiency.png> </home/jinghua/repo/parallel-computing-programming/matrix-multiplication/report/Figures/cannon/time_distribute_1024.png> </home/jinghua/repo/parallel-computing-programming/matrix-multiplication/report/Figures/cannon/time_distribute_2048.png>] [7 </home/jinghua/repo/parallel-computing-programming/matrix-multiplication/report/Figures/cannon/time_distribute_4096.png> </home/jinghua/repo/parallel-computing-programming/matrix-multiplication/report/Figures/cannon/time_distribute_8192.png> </home/jinghua/repo/parallel-computing-programming/matrix-multiplication/report/Figures/cannon/io.png>]

Package array Warning: Column g is already defined on input line 497.

<Figures/exec_algo1.png, id=62, 1110.0672pt x 554.3109pt>
File: Figures/exec_algo1.png Graphic file (type png)
<use Figures/exec_algo1.png>
Package pdftex.def Info: Figures/exec_algo1.png  used on input line 528.
(pdftex.def)             Requested size: 277.51611pt x 138.57738pt.

Overfull \hbox (25.51611pt too wide) in paragraph at lines 528--529
 [][] 
 []


Package array Warning: Column g is already defined on input line 538.

<Figures/speedup_algo1.png, id=63, 1110.0672pt x 554.3109pt>
File: Figures/speedup_algo1.png Graphic file (type png)
<use Figures/speedup_algo1.png>
Package pdftex.def Info: Figures/speedup_algo1.png  used on input line 567.
(pdftex.def)             Requested size: 277.51611pt x 138.57738pt.

Overfull \hbox (25.51611pt too wide) in paragraph at lines 567--568
 [][] 
 []


Package array Warning: Column g is already defined on input line 577.

<Figures/efficiency_algo1.png, id=64, 1110.0672pt x 554.3109pt>
File: Figures/efficiency_algo1.png Graphic file (type png)
<use Figures/efficiency_algo1.png>
Package pdftex.def Info: Figures/efficiency_algo1.png  used on input line 606.
(pdftex.def)             Requested size: 277.51611pt x 138.57738pt.

Overfull \hbox (25.51611pt too wide) in paragraph at lines 606--607
 [][] 
 []

[8 </home/jinghua/repo/parallel-computing-programming/matrix-multiplication/report/Figures/exec_algo1.png> </home/jinghua/repo/parallel-computing-programming/matrix-multiplication/report/Figures/speedup_algo1.png>]

Package array Warning: Column g is already defined on input line 614.

[9 </home/jinghua/repo/parallel-computing-programming/matrix-multiplication/report/Figures/efficiency_algo1.png>]
Underfull \hbox (badness 10000) in paragraph at lines 661--662
[]\OT1/ptm/m/n/10 Executing - \TS1/ptm/m/n/10 $ \OT1/ptm/m/n/10 ./strip[]alg[]sbatch.sh num[]of[]nodes
 []


Underfull \hbox (badness 1424) in paragraph at lines 681--682
[]\OT1/ptm/m/n/8 B. M. Rand-jelovic, E. I. Milo-vanovic, and I. Z. Milo-vanovic ,
 []


Underfull \hbox (badness 10000) in paragraph at lines 691--692
[]\OT1/ptm/m/n/8 J. Choi , J.J. Don-garra, and D.W. Walker,``PUMMA :
 []


Underfull \hbox (badness 10000) in paragraph at lines 691--692
\OT1/ptm/m/n/8 Par-al-lel Uni-ver-sal Ma-trix Mul-ti-pli-ca-tion Al-go-rithms on
 []


Underfull \hbox (badness 10000) in paragraph at lines 691--692
\OT1/ptm/m/n/8 Dis-tributed Mem-ory Con-cur-rent Com-put-ers,'' Con-cur-
 []


Underfull \hbox (badness 10000) in paragraph at lines 691--692
\OT1/ptm/m/n/8 rency: Prac-tice and Ex-pe-ri-ence,1994. [On-line].Available:
 []


Underfull \hbox (badness 3623) in paragraph at lines 701--702
[]\OT1/ptm/m/n/8 J. Choi, ``A New Par-al-lel Ma-trix Mul-ti-pli-ca-tion Al-go-rithm on
 []


Underfull \hbox (badness 10000) in paragraph at lines 704--705
[]\OT1/ptm/m/n/8 M. Kr-ish-nan , and J. Nieplocha, ``SRUMMA: a ma-trix
 []


Underfull \hbox (badness 10000) in paragraph at lines 704--705
\OT1/ptm/m/n/8 mul-ti-pli-ca-tion al-go-rithm suit-able for clus-ters and scal-able
 []


Underfull \hbox (badness 10000) in paragraph at lines 704--705
\OT1/ptm/m/n/8 shared mem-ory sys-tems,'' 18th In-ter-na-tional Par-al-lel and
 []


Underfull \hbox (badness 10000) in paragraph at lines 704--705
\OT1/ptm/m/n/8 Dis-tributed Pro-cess-ing Sym-po-sium,2004.[Online]. Avail-
 []


Underfull \hbox (badness 1701) in paragraph at lines 713--714
[]\OT1/ptm/m/n/8 F. L. Gall, ``Faster Al-go-rithms for Rect-an-gu-lar Ma-trix Mul-ti-pli-
 []


** Conference Paper **
Before submitting the final camera ready copy, remember to:

 1. Manually equalize the lengths of two columns on the last page
 of your paper;

 2. Ensure that any PostScript and/or PDF output post-processing
 uses only Type 1 fonts and that every step in the generation
 process uses the appropriate paper size.

[10] (/home/jinghua/repo/parallel-computing-programming/matrix-multiplication/report/main.aux) ) 
Here is how much of TeX's memory you used:
 6799 strings out of 481239
 99056 string characters out of 5920377
 623972 words of memory out of 5000000
 21961 multiletter control sequences out of 15000+600000
 574591 words of font info for 107 fonts, out of 8000000 for 9000
 1141 hyphenation exceptions out of 8191
 30i,20n,53p,1836b,1447s stack positions out of 5000i,500n,10000p,200000b,80000s
{/usr/share/texlive/texmf-dist/fonts/enc/dvips/base/8r.enc}</usr/share/texlive/texmf-dist/fonts/type1/public/amsfonts/cm/cmex10.pfb></usr/share/texlive/texmf-dist/fonts/type1/public/amsfonts/cm/cmmi10.pfb></usr/share/texlive/texmf-dist/fonts/type1/public/amsfonts/cm/cmmi7.pfb></usr/share/texlive/texmf-dist/fonts/type1/public/amsfonts/cm/cmmi8.pfb></usr/share/texlive/texmf-dist/fonts/type1/public/amsfonts/cm/cmmi9.pfb></usr/share/texlive/texmf-dist/fonts/type1/public/amsfonts/cm/cmr10.pfb></usr/share/texlive/texmf-dist/fonts/type1/public/amsfonts/cm/cmr5.pfb></usr/share/texlive/texmf-dist/fonts/type1/public/amsfonts/cm/cmr6.pfb></usr/share/texlive/texmf-dist/fonts/type1/public/amsfonts/cm/cmr7.pfb></usr/share/texlive/texmf-dist/fonts/type1/public/amsfonts/cm/cmr9.pfb></usr/share/texlive/texmf-dist/fonts/type1/public/amsfonts/cm/cmsy10.pfb></usr/share/texlive/texmf-dist/fonts/type1/public/amsfonts/cm/cmsy6.pfb></usr/share/texlive/texmf-dist/fonts/type1/public/amsfonts/cm/cmsy7.pfb></usr/share/texlive/texmf-dist/fonts/type1/public/amsfonts/cm/cmsy8.pfb></usr/share/texlive/texmf-dist/fonts/type1/urw/times/utmb8a.pfb></usr/share/texlive/texmf-dist/fonts/type1/urw/times/utmbi8a.pfb></usr/share/texlive/texmf-dist/fonts/type1/urw/times/utmr8a.pfb></usr/share/texlive/texmf-dist/fonts/type1/urw/times/utmri8a.pfb>
Output written on /home/jinghua/repo/parallel-computing-programming/matrix-multiplication/report/main.pdf (10 pages, 763370 bytes).
PDF statistics:
 135 PDF objects out of 1000 (max. 8388607)
 80 compressed objects within 1 object stream
 0 named destinations out of 1000 (max. 500000)
 66 words of extra memory for PDF output out of 10000 (max. 10000000)

